#
# A fatal error has been detected by the Java Runtime Environment:
#
#  EXCEPTION_ACCESS_VIOLATION (0xc0000005) at pc=0x6d9b59dd, pid=5660, tid=4848
#
# JRE version: 6.0_20-b02
# Java VM: Java HotSpot(TM) Client VM (16.3-b01 mixed mode, sharing windows-x86 )
# Problematic frame:
# V  [jvm.dll+0x1059dd]
#
# If you would like to submit a bug report, please visit:
#   http://java.sun.com/webapps/bugreport/crash.jsp
#

---------------  T H R E A D  ---------------

Current thread (0x00289000):  JavaThread "main" [_thread_in_vm, id=4848, stack(0x01810000,0x01860000)]

siginfo: ExceptionCode=0xc0000005, reading address 0x00000000

Registers:
EAX=0x00000000, EBX=0x00289000, ECX=0x00000006, EDX=0x0185fb8b
ESP=0x0185fb48, EBP=0x0185fb64, ESI=0x00289110, EDI=0x00000000
EIP=0x6d9b59dd, EFLAGS=0x00010246

Top of Stack: (sp=0x0185fb48)
0x0185fb48:   01850000 00289110 33a1aae0 00289000
0x0185fb58:   00000000 00000000 00000000 0185fc24
0x0185fb68:   1000168f 00289000 00000000 00000000
0x0185fb78:   00000001 0185fb8b 00289000 33a1aae0
0x0185fb88:   030495e8 e08e5fdc 00000000 00280000
0x0185fb98:   002899d4 019a01f1 6d951a29 01533292
0x0185fba8:   00289000 0185fbcc 6d99bc35 00289000
0x0185fbb8:   00000006 00000008 00289000 33a1aae0 

Instructions: (pc=0x6d9b59dd)
0x6d9b59cd:   8d 4d f0 e8 eb 48 08 00 8b 7d 10 85 ff 8b 45 0c
0x6d9b59dd:   8b 10 7c 50 8b 45 14 85 c0 7c 49 8b 72 08 8d 0c 


Stack: [0x01810000,0x01860000],  sp=0x0185fb48,  free space=13e0185f664k
Native frames: (J=compiled Java code, j=interpreted, Vv=VM code, C=native code)
V  [jvm.dll+0x1059dd]
C  [ACR120UJNI.dll+0x168f]
j  acs.jni.ACR120U.select(S[B[B[B)S+6
j  TesRFID.main([Ljava/lang/String;)V+45
v  ~StubRoutines::call_stub
V  [jvm.dll+0xf049c]
V  [jvm.dll+0x17fcf1]
V  [jvm.dll+0xf051d]
V  [jvm.dll+0xf9bc5]
V  [jvm.dll+0x10181d]
C  [java.exe+0x2155]
C  [java.exe+0x85b4]
C  [kernel32.dll+0x51174]
C  [ntdll.dll+0x5b3f5]
C  [ntdll.dll+0x5b3c8]

Java frames: (J=compiled Java code, j=interpreted, Vv=VM code)
j  acs.jni.ACR120U.ACR120Select(S[B[B[B)S+0
j  acs.jni.ACR120U.select(S[B[B[B)S+6
j  TesRFID.main([Ljava/lang/String;)V+45
v  ~StubRoutines::call_stub

---------------  P R O C E S S  ---------------

Java Threads: ( => current thread )
  0x018f6800 JavaThread "Low Memory Detector" daemon [_thread_blocked, id=1456, stack(0x03cd0000,0x03d20000)]
  0x018e7c00 JavaThread "CompilerThread0" daemon [_thread_blocked, id=2660, stack(0x03c80000,0x03cd0000)]
  0x018e4c00 JavaThread "Attach Listener" daemon [_thread_blocked, id=5096, stack(0x03c30000,0x03c80000)]
  0x018e1c00 JavaThread "Signal Dispatcher" daemon [_thread_blocked, id=5088, stack(0x03be0000,0x03c30000)]
  0x0189fc00 JavaThread "Finalizer" daemon [_thread_blocked, id=6032, stack(0x03b90000,0x03be0000)]
  0x0189e400 JavaThread "Reference Handler" daemon [_thread_blocked, id=5272, stack(0x03b40000,0x03b90000)]
=>0x00289000 JavaThread "main" [_thread_in_vm, id=4848, stack(0x01810000,0x01860000)]

Other Threads:
  0x0189d000 VMThread [stack: 0x03af0000,0x03b40000] [id=4592]
  0x01900000 WatcherThread [stack: 0x03d20000,0x03d70000] [id=4596]

VM state:not at safepoint (normal execution)

VM Mutex/Monitor currently owned by a thread: None

Heap
 def new generation   total 4928K, used 289K [0x23a10000, 0x23f60000, 0x28f60000)
  eden space 4416K,   6% used [0x23a10000, 0x23a58440, 0x23e60000)
  from space 512K,   0% used [0x23e60000, 0x23e60000, 0x23ee0000)
  to   space 512K,   0% used [0x23ee0000, 0x23ee0000, 0x23f60000)
 tenured generation   total 10944K, used 0K [0x28f60000, 0x29a10000, 0x33a10000)
   the space 10944K,   0% used [0x28f60000, 0x28f60000, 0x28f60200, 0x29a10000)
 compacting perm gen  total 12288K, used 53K [0x33a10000, 0x34610000, 0x37a10000)
   the space 12288K,   0% used [0x33a10000, 0x33a1d7b8, 0x33a1d800, 0x34610000)
    ro space 10240K,  54% used [0x37a10000, 0x37f8b760, 0x37f8b800, 0x38410000)
    rw space 12288K,  55% used [0x38410000, 0x38aaf798, 0x38aaf800, 0x39010000)

Dynamic libraries:
0x00400000 - 0x00424000 	C:\Program Files\Java\jdk1.6.0_20\bin\java.exe
0x77b20000 - 0x77c5c000 	C:\Windows\SYSTEM32\ntdll.dll
0x765b0000 - 0x76684000 	C:\Windows\system32\kernel32.dll
0x75d10000 - 0x75d5a000 	C:\Windows\system32\KERNELBASE.dll
0x77cb0000 - 0x77d50000 	C:\Windows\system32\ADVAPI32.dll
0x760d0000 - 0x7617c000 	C:\Windows\system32\msvcrt.dll
0x764e0000 - 0x764f9000 	C:\Windows\SYSTEM32\sechost.dll
0x76500000 - 0x765a1000 	C:\Windows\system32\RPCRT4.dll
0x7c340000 - 0x7c396000 	C:\Program Files\Java\jdk1.6.0_20\jre\bin\msvcr71.dll
0x6d8b0000 - 0x6db47000 	C:\Program Files\Java\jdk1.6.0_20\jre\bin\client\jvm.dll
0x76e00000 - 0x76ec9000 	C:\Windows\system32\USER32.dll
0x77c60000 - 0x77cae000 	C:\Windows\system32\GDI32.dll
0x76d40000 - 0x76d4a000 	C:\Windows\system32\LPK.dll
0x76a60000 - 0x76afd000 	C:\Windows\system32\USP10.dll
0x74110000 - 0x74142000 	C:\Windows\system32\WINMM.dll
0x76a40000 - 0x76a5f000 	C:\Windows\system32\IMM32.DLL
0x76970000 - 0x76a3c000 	C:\Windows\system32\MSCTF.dll
0x75ba0000 - 0x75beb000 	C:\Windows\system32\apphelp.dll
0x6d860000 - 0x6d86c000 	C:\Program Files\Java\jdk1.6.0_20\jre\bin\verify.dll
0x6d3e0000 - 0x6d3ff000 	C:\Program Files\Java\jdk1.6.0_20\jre\bin\java.dll
0x6d340000 - 0x6d348000 	C:\Program Files\Java\jdk1.6.0_20\jre\bin\hpi.dll
0x762c0000 - 0x762c5000 	C:\Windows\system32\PSAPI.DLL
0x6d8a0000 - 0x6d8af000 	C:\Program Files\Java\jdk1.6.0_20\jre\bin\zip.dll
0x10000000 - 0x1000f000 	C:\Windows\System32\ACR120UJNI.dll
0x003f0000 - 0x003fe000 	C:\Windows\system32\ACR120U.dll
0x767d0000 - 0x7696d000 	C:\Windows\system32\setupapi.dll
0x75d60000 - 0x75d87000 	C:\Windows\system32\CFGMGR32.dll
0x76340000 - 0x763cf000 	C:\Windows\system32\OLEAUT32.dll
0x75f70000 - 0x760cc000 	C:\Windows\system32\ole32.dll
0x75cf0000 - 0x75d02000 	C:\Windows\system32\DEVOBJ.dll
0x75d90000 - 0x75dbd000 	C:\Windows\system32\WINTRUST.dll
0x75e50000 - 0x75f6c000 	C:\Windows\system32\CRYPT32.dll
0x75ce0000 - 0x75cec000 	C:\Windows\system32\MSASN1.dll

VM Arguments:
jvm_args: -Dfile.encoding=UTF-8 
java_command: TesRFID
Launcher Type: SUN_STANDARD

Environment Variables:
PATH=C:\Program Files\PC Connectivity Solution\;C:\Windows\system32;C:\Windows;C:\Windows\System32\Wbem;C:\Windows\System32\WindowsPowerShell\v1.0\;C:\Program Files\Microsoft SQL Server\90\Tools\binn\;C:\Program Files\TortoiseSVN\bin;C:\Program Files\Common Files\Adobe\AGL;C:\Program Files\Microsoft SQL Server\100\Tools\Binn\;C:\Program Files\Microsoft SQL Server\100\DTS\Binn\;C:\Program Files\Microsoft SQL Server\100\Tools\Binn\VSShell\Common7\IDE\
USERNAME=hyouda
OS=Windows_NT
PROCESSOR_IDENTIFIER=x86 Family 16 Model 4 Stepping 3, AuthenticAMD



---------------  S Y S T E M  ---------------

OS: Windows 7 Build 7600 

CPU:total 4 (4 cores per cpu, 1 threads per core) family 16 model 4 stepping 3, cmov, cx8, fxsr, mmx, sse, sse2, sse3, popcnt, mmxext, 3dnow, 3dnowext, lzcnt, sse4a

Memory: 4k page, physical 2095608k(836712k free), swap 4191216k(2042256k free)

vm_info: Java HotSpot(TM) Client VM (16.3-b01) for windows-x86 JRE (1.6.0_20-b02), built on Apr 12 2010 13:52:23 by "java_re" with MS VC++ 7.1 (VS2003)

time: Tue Jul 12 08:24:01 2011
elapsed time: 0 seconds

